\BOOKMARK [0][-]{chapter.1}{\376\377\000M\000\364\000\040\000t\036\243\000\040\001\021\036\301\000\040\000t\000\340\000i}{}% 1
\BOOKMARK [1][-]{section.1.1}{\376\377\000T\000\352\000n\000\040\001\021\036\301\000\040\000t\000\340\000i}{chapter.1}% 2
\BOOKMARK [1][-]{section.1.2}{\376\377\000M\036\345\000c\000\040\000t\000i\000\352\000u}{chapter.1}% 3
\BOOKMARK [2][-]{subsection.1.2.1}{\376\377\000M\036\345\000c\000\040\000t\000i\000\352\000u\000\040\000t\036\325\000n\000g\000\040\000q\000u\000\341\000t}{section.1.2}% 4
\BOOKMARK [2][-]{subsection.1.2.2}{\376\377\000M\036\345\000c\000\040\000t\000i\000\352\000u\000\040\000c\036\345\000\040\000t\000h\036\303}{section.1.2}% 5
\BOOKMARK [1][-]{section.1.3}{\376\377\000P\000h\001\260\001\241\000n\000g\000\040\000p\000h\000\341\000p}{chapter.1}% 6
\BOOKMARK [2][-]{subsection.1.3.1}{\376\377\000T\000r\000\355\000c\000h\000\040\000x\000u\036\245\000t\000\040\001\021\036\267\000c\000\040\000t\000r\001\260\000n\000g\000\040\000h\000\340\000n\000h\000\040\000v\000i\000-\000k\000h\000\364\000n\000g\000\040\000g\000i\000a\000n\040\023\000t\000h\036\335\000i\000\040\000g\000i\000a\000n}{section.1.3}% 7
\BOOKMARK [2][-]{subsection.1.3.2}{\376\377\000P\000h\000\342\000n\000\040\000c\036\345\000m\000\040\000h\000\340\000n\000h\000\040\000v\000i}{section.1.3}% 8
\BOOKMARK [2][-]{subsection.1.3.3}{\376\377\000K\000h\000a\000i\000\040\000p\000h\000\341\000\040\000l\000u\036\255\000t\000\040\000k\036\277\000t\000\040\000h\036\343\000p\000\040\000n\000g\036\357\000\040\000c\036\243\000n\000h}{section.1.3}% 9
\BOOKMARK [1][-]{section.1.4}{\376\377\000C\000\341\000c\000h\000\040\000t\000r\000i\036\303\000n\000\040\000k\000h\000a\000i}{chapter.1}% 10
\BOOKMARK [2][-]{subsection.1.4.1}{\376\377\000G\000i\000a\000i\000\040\001\021\000o\036\241\000n\000\040\0001\000:\000\040\000C\000h\000u\036\251\000n\000\040\000b\036\313\000\040\000d\036\357\000\040\000l\000i\036\307\000u}{section.1.4}% 11
\BOOKMARK [2][-]{subsection.1.4.2}{\376\377\000G\000i\000a\000i\000\040\001\021\000o\036\241\000n\000\040\0002\000:\000\040\000T\000i\036\301\000n\000\040\000x\036\355\000\040\000l\000\375\000\040\000v\000i\000d\000e\000o}{section.1.4}% 12
\BOOKMARK [2][-]{subsection.1.4.3}{\376\377\000G\000i\000a\000i\000\040\001\021\000o\036\241\000n\000\040\0003\000:\000\040\000T\000r\000\355\000c\000h\000\040\000x\000u\036\245\000t\000\040\001\021\036\267\000c\000\040\000t\000r\001\260\000n\000g}{section.1.4}% 13
\BOOKMARK [2][-]{subsection.1.4.4}{\376\377\000G\000i\000a\000i\000\040\001\021\000o\036\241\000n\000\040\0004\000:\000\040\000P\000h\000\342\000n\000\040\000c\036\345\000m\000\040\000h\000\340\000n\000h\000\040\000v\000i}{section.1.4}% 14
\BOOKMARK [2][-]{subsection.1.4.5}{\376\377\000G\000i\000a\000i\000\040\001\021\000o\036\241\000n\000\040\0005\000:\000\040\000K\000h\000a\000i\000\040\000p\000h\000\341\000\040\000l\000u\036\255\000t\000\040\000k\036\277\000t\000\040\000h\036\343\000p}{section.1.4}% 15
\BOOKMARK [2][-]{subsection.1.4.6}{\376\377\000G\000i\000a\000i\000\040\001\021\000o\036\241\000n\000\040\0006\000:\000\040\000P\000h\000\341\000t\000\040\000h\000i\036\307\000n\000\040\000b\036\245\000t\000\040\000t\000h\001\260\036\335\000n\000g}{section.1.4}% 16
\BOOKMARK [2][-]{subsection.1.4.7}{\376\377\000G\000i\000a\000i\000\040\001\021\000o\036\241\000n\000\040\0007\000:\000\040\001\020\000\341\000n\000h\000\040\000g\000i\000\341}{section.1.4}% 17
\BOOKMARK [1][-]{section.1.5}{\376\377\000K\036\277\000t\000\040\000q\000u\036\243\000\040\000k\036\363\000\040\000v\036\315\000n\000g}{chapter.1}% 18
\BOOKMARK [0][-]{chapter.2}{\376\377\000C\000o\000\040\000s\000o\000\040\000l\000y\000\040\000t\000h\000u\000y\000e\000t\000\040\000v\000a\000\040\000h\000u\000o\000n\000g\000\040\000t\000i\000e\000p\000\040\000c\000a\000n}{}% 19
\BOOKMARK [1][-]{section.2.1}{\376\377\000B\000a\000i\000\040\000t\000o\000a\000n\000\040\000p\000h\000a\000t\000\040\000h\000i\000e\000n\000\040\000b\000a\000t\000\040\000t\000h\000u\000o\000n\000g\000\040\000t\000h\000e\000o\000\040\000n\000g\000u\000\040\000c\000a\000n\000h}{chapter.2}% 20
\BOOKMARK [1][-]{section.2.2}{\376\377\000P\000h\000a\000n\000\040\000c\000u\000m\000\040\000h\000a\000n\000h\000\040\000v\000i\000-\000k\000h\000o\000n\000g\000\040\000g\000i\000a\000n\000-\000t\000h\000o\000i\000\040\000g\000i\000a\000n}{chapter.2}% 21
\BOOKMARK [1][-]{section.2.3}{\376\377\000T\000o\000k\000e\000n\000\040\000v\000a\000\040\000a\000s\000s\000o\000c\000i\000a\000t\000i\000o\000n\000\040\000r\000u\000l\000e}{chapter.2}% 22
\BOOKMARK [1][-]{section.2.4}{\376\377\000T\000a\000i\000\040\000l\000i\000e\000u\000\040\000t\000h\000a\000m\000\040\000k\000h\000a\000o\000\040\000v\000e\000\040\000t\000u\000\040\000d\000u\000y\000\040\000x\000u\000\040\000l\000y\000\040\000n\000h\000a\000n\000h}{chapter.2}% 23
\BOOKMARK [0][-]{chapter.3}{\376\377\000T\000h\000i\000e\000t\000\040\000k\000e\000\040\000h\000e\000\040\000t\000h\000o\000n\000g}{}% 24
\BOOKMARK [1][-]{section.3.1}{\376\377\000T\000o\000n\000g\000\040\000q\000u\000a\000n\000\040\000p\000i\000p\000e\000l\000i\000n\000e}{chapter.3}% 25
\BOOKMARK [1][-]{section.3.2}{\376\377\000C\000a\000u\000\040\000h\000i\000n\000h\000\040\000c\000h\000i\000n\000h}{chapter.3}% 26
\BOOKMARK [1][-]{section.3.3}{\376\377\000T\000o\000m\000\040\000t\000a\000t\000\040\000a\000r\000t\000i\000f\000a\000c\000t\000\040\000d\000u\000o\000c\000\040\000d\000u\000n\000g}{chapter.3}% 27
\BOOKMARK [0][-]{chapter.4}{\376\377\000T\000r\000i\000e\000n\000\040\000k\000h\000a\000i}{}% 28
\BOOKMARK [1][-]{section.4.1}{\376\377\000C\000a\000u\000\040\000t\000r\000u\000c\000\040\000m\000o\000d\000u\000l\000e}{chapter.4}% 29
\BOOKMARK [1][-]{section.4.2}{\376\377\000L\000e\000n\000h\000\040\000t\000a\000i\000\040\000l\000a\000p\000\040\000a\000r\000t\000i\000f\000a\000c\000t\000\040\000b\000a\000o\000\040\000c\000a\000o}{chapter.4}% 30
\BOOKMARK [0][-]{chapter.5}{\376\377\000T\000h\000u\000c\000\040\000n\000g\000h\000i\000e\000m\000\040\000v\000a\000\040\000a\000r\000t\000i\000f\000a\000c\000t}{}% 31
\BOOKMARK [1][-]{section.5.1}{\376\377\000D\000a\000t\000a\000s\000e\000t\000\040\000v\000a\000\040\000p\000h\000a\000m\000\040\000v\000i\000\040\000c\000h\000a\000y}{chapter.5}% 32
\BOOKMARK [1][-]{section.5.2}{\376\377\000A\000r\000t\000i\000f\000a\000c\000t\000\040\000d\000a\000u\000\040\000v\000a\000o}{chapter.5}% 33
\BOOKMARK [1][-]{section.5.3}{\376\377\000M\000e\000t\000r\000i\000c\000\040\000s\000a\000n\000i\000t\000y\000-\000c\000h\000e\000c\000k}{chapter.5}% 34
\BOOKMARK [0][-]{chapter.6}{\376\377\000K\000e\000t\000\040\000q\000u\000a\000\040\000d\000i\000n\000h\000\040\000t\000i\000n\000h\000\040\000v\000a\000\040\000t\000h\000a\000o\000\040\000l\000u\000a\000n}{}% 35
\BOOKMARK [1][-]{section.6.1}{\376\377\000C\000l\000u\000s\000t\000e\000r\000\040\000p\000r\000o\000f\000i\000l\000e\000\040\000r\000u\000t\000\040\000g\000o\000n}{chapter.6}% 36
\BOOKMARK [1][-]{section.6.2}{\376\377\000R\000u\000l\000e\000\040\000e\000v\000i\000d\000e\000n\000c\000e\000\040\000r\000u\000t\000\040\000g\000o\000n}{chapter.6}% 37
\BOOKMARK [1][-]{section.6.3}{\376\377\000C\000a\000s\000e\000\040\000h\000e\000a\000t\000m\000a\000p\000\040\000v\000a\000\040\000g\000i\000a\000i\000\040\000t\000h\000i\000c\000h}{chapter.6}% 38
\BOOKMARK [2][-]{subsection.6.3.1}{\376\377\000C\000a\000s\000e\000\040\0000\0000\0001\000:\000\040\000v\000i\000d\000e\000o\000\040\000T\000e\000s\000t\0000\0000\0008\000,\000\040\000f\000r\000a\000m\000e\000\040\0001\0002\0002}{section.6.3}% 39
\BOOKMARK [2][-]{subsection.6.3.2}{\376\377\000C\000a\000s\000e\000\040\0000\0000\0002\000:\000\040\000v\000i\000d\000e\000o\000\040\000T\000e\000s\000t\0000\0001\0001\000,\000\040\000f\000r\000a\000m\000e\000\040\0003\0003}{section.6.3}% 40
\BOOKMARK [2][-]{subsection.6.3.3}{\376\377\000C\000a\000s\000e\000\040\0000\0000\0003\000:\000\040\000v\000i\000d\000e\000o\000\040\000T\000e\000s\000t\0000\0000\0004\000,\000\040\000f\000r\000a\000m\000e\000\040\0001\0003\0007}{section.6.3}% 41
\BOOKMARK [2][-]{subsection.6.3.4}{\376\377\000C\000a\000s\000e\000\040\0000\0000\0004\000:\000\040\000v\000i\000d\000e\000o\000\040\000T\000e\000s\000t\0000\0000\0002\000,\000\040\000f\000r\000a\000m\000e\000\040\0001\0005\0004}{section.6.3}% 42
\BOOKMARK [2][-]{subsection.6.3.5}{\376\377\000C\000a\000s\000e\000\040\0000\0000\0005\000:\000\040\000v\000i\000d\000e\000o\000\040\000T\000e\000s\000t\0000\0000\0007\000,\000\040\000f\000r\000a\000m\000e\000\040\0001\0003\0006}{section.6.3}% 43
\BOOKMARK [1][-]{section.6.4}{\376\377\000T\000h\000a\000o\000\040\000l\000u\000a\000n}{chapter.6}% 44
\BOOKMARK [0][-]{chapter.7}{\376\377\000K\000e\000t\000\040\000l\000u\000a\000n\000\040\000v\000a\000\040\000h\000u\000o\000n\000g\000\040\000p\000h\000a\000t\000\040\000t\000r\000i\000e\000n}{}% 45
\BOOKMARK [1][-]{section.7.1}{\376\377\000M\000u\000c\000\040\000d\000a\000\040\000h\000o\000a\000n\000\040\000t\000h\000a\000n\000h}{chapter.7}% 46
\BOOKMARK [1][-]{section.7.2}{\376\377\000H\000a\000n\000\040\000c\000h\000e}{chapter.7}% 47
\BOOKMARK [1][-]{section.7.3}{\376\377\000H\000u\000o\000n\000g\000\040\000p\000h\000a\000t\000\040\000t\000r\000i\000e\000n}{chapter.7}% 48
